    1  sudo apt install gcc
    2  sudo apt install make
    3  sudo snap install clion --classic
    4  pwd
    5  cd ~
    6  cd Desktop/
    7  ls
    8  cd Desktop/
    9  ls
   10  su root
   11  sudo apt update
   12  sudo apt upgrade
   13  apt install git   14  git remote add origin https://github.com/hfcphoenix/cs149.git
   15  git status
   16  git innit
   17  git init
   18  git remote add origin https://github.com/hfcphoenix/cs149.git
   19  git config --global --add safe.directory /home/henryfc/Desktop/cs149~
   20  git remote add origin https://github.com/hfcphoenix/cs149.git
   21  git config --global --add safe.directory /home/henryfc/Desktop/cs149
   22  git remote add origin https://github.com/hfcphoenix/cs149.git
   23  git config --global user.email phoenix.henry@gmail.com
   24  git status
   25  git config --global user.email " phoenix.henry@gmail.com"
   26  git config --global user.email "phoenix.henry@gmail.com"
   27  git config --global user.password ...
   28  git status
   29  git init
   30  git status
   31  git config --global user.email "phoenix.henry@gmail.com"
   32  git config --global user.email phoenix.henry@gmail.com
   33  ls
   34  git branch -M main
   35  git status
   36  mkdir ws1
   37  ls
   38  cd ws1
   39  git add .
   40  git status
   41  git add .
   42  [200~
   43  wget -O out.pdf https://tinyurl.com/yy94jltt
   44  ls -latr
   45  git add cmds.log
   46  git commit -m "First commit" -a
   47  git add .
   48  ls
   49  git status
   50  git add .
   51  git commit -m "First commit" -a
   52  git branch
   53  git push -u origin master
   54  git push -u origin main
   55  history
   56  history > cmds.log
